<?xml version="1.0" encoding="UTF-8"?>
<!-- Generated by org.testng.reporters.JUnitReportReporter -->
<testsuite skipped="0" hostname="DESKTOP-9HGU2QK" name="ez.testcases.finsys.BaseFeatures" tests="1" failures="0" timestamp="09 Jan 2018 04:01:22 GMT" time="0.037" errors="0">
  <testcase name="BeforeFeat" time="0.037" classname="ez.testcases.finsys.BaseFeatures"/>
</testsuite> <!-- ez.testcases.finsys.BaseFeatures -->
