<?xml version="1.0" encoding="UTF-8"?>
<!-- Generated by org.testng.reporters.JUnitReportReporter -->
<<<<<<< HEAD
<testsuite skipped="0" hostname="manishs-PC" name="ez.testcases.finsys.ValidLogin_01" tests="1" failures="0" timestamp="26 Dec 2017 15:18:30 GMT" time="8.325" errors="0">
  <testcase name="ValidLogin" time="8.325" classname="ez.testcases.finsys.ValidLogin_01"/>
=======
<testsuite skipped="0" hostname="manishs-PC" name="ez.testcases.finsys.ValidLogin_01" tests="1" failures="0" timestamp="08 Jan 2018 09:08:10 GMT" time="8.569" errors="0">
  <testcase name="ValidLogin" time="8.569" classname="ez.testcases.finsys.ValidLogin_01"/>
>>>>>>> 9f0a8ac74909c274b8cf972fe0825e876bdb5091
</testsuite> <!-- ez.testcases.finsys.ValidLogin_01 -->
