<?xml version="1.0" encoding="UTF-8"?>
<!-- Generated by org.testng.reporters.JUnitReportReporter -->
<testsuite skipped="0" hostname="DESKTOP-9HGU2QK" name="ez.testcases.finsys.ValidLogin_01" tests="1" failures="0" timestamp="09 Jan 2018 04:26:24 GMT" time="11.519" errors="0">
  <testcase name="ValidLogin" time="11.519" classname="ez.testcases.finsys.ValidLogin_01"/>
</testsuite> <!-- ez.testcases.finsys.ValidLogin_01 -->
