<?xml version="1.0" encoding="UTF-8"?>
<!-- Generated by org.testng.reporters.JUnitReportReporter -->
<testsuite skipped="0" hostname="manishs-PC" name="ez.testcases.finsys.BaseFeatures" tests="1" failures="0" timestamp="08 Jan 2018 09:08:10 GMT" time="0.011" errors="0">
  <testcase name="BeforeFeat" time="0.011" classname="ez.testcases.finsys.BaseFeatures"/>
</testsuite> <!-- ez.testcases.finsys.BaseFeatures -->
