<?xml version="1.0" encoding="UTF-8"?>
<!-- Generated by org.testng.reporters.JUnitReportReporter -->
<testsuite skipped="0" hostname="manishs-PC" name="ez.testcases.finsys.ValidLogin_01" tests="1" failures="0" timestamp="26 Dec 2017 15:18:30 GMT" time="8.325" errors="0">
  <testcase name="ValidLogin" time="8.325" classname="ez.testcases.finsys.ValidLogin_01"/>
</testsuite> <!-- ez.testcases.finsys.ValidLogin_01 -->
