<?xml version="1.0" encoding="UTF-8"?>
<!-- Generated by org.testng.reporters.JUnitReportReporter -->
<testsuite skipped="0" hostname="manishs-PC" name="ez.testcases.finsys.CreateCompany_03" tests="1" failures="0" timestamp="08 Jan 2018 09:08:10 GMT" time="7.582" errors="0">
  <testcase name="CreateCompany" time="7.582" classname="ez.testcases.finsys.CreateCompany_03"/>
</testsuite> <!-- ez.testcases.finsys.CreateCompany_03 -->
