<?xml version="1.0" encoding="UTF-8"?>
<!-- Generated by org.testng.reporters.JUnitReportReporter -->
<testsuite skipped="0" hostname="DESKTOP-9HGU2QK" name="ez.testcases.finsys.ValidLogin_01" tests="1" failures="0" timestamp="27 Dec 2017 04:14:12 GMT" time="13.193" errors="0">
  <testcase name="ValidLogin" time="13.193" classname="ez.testcases.finsys.ValidLogin_01"/>
</testsuite> <!-- ez.testcases.finsys.ValidLogin_01 -->
