<?xml version="1.0" encoding="UTF-8"?>
<!-- Generated by org.testng.reporters.JUnitReportReporter -->
<testsuite skipped="0" hostname="DESKTOP-9HGU2QK" name="ez.testcases.finsys.CreateCompany_03" tests="1" failures="0" timestamp="26 Dec 2017 17:11:01 GMT" time="8.865" errors="0">
  <testcase name="CreateCompany" time="8.865" classname="ez.testcases.finsys.CreateCompany_03"/>
</testsuite> <!-- ez.testcases.finsys.CreateCompany_03 -->
