<?xml version="1.0" encoding="UTF-8"?>
<!-- Generated by org.testng.reporters.JUnitReportReporter -->
<testsuite skipped="0" hostname="manishs-PC" name="ez.testcases.finsys.ValidLogin_01" tests="1" failures="0" timestamp="08 Jan 2018 09:08:10 GMT" time="8.569" errors="0">
  <testcase name="ValidLogin" time="8.569" classname="ez.testcases.finsys.ValidLogin_01"/>
</testsuite> <!-- ez.testcases.finsys.ValidLogin_01 -->
